

Microchip MPLAB XC8 Assembler V2.05 build -831301201 
                                                                                               Tue Mar 19 16:18:03 2019

Microchip MPLAB XC8 C Compiler v2.05 (Free license) build 20181220022703 Og1 
     1                           	processor	18F23K22
     2                           	fnconf	rparam,??,?,0
     3                           	opt	pw 120
     4                           	opt	flic
     5                           	psect	nvCOMRAM,global,class=COMRAM,space=1,delta=1,noexec
     6                           	psect	cinit,global,reloc=2,class=CODE,delta=1
     7                           	psect	bssCOMRAM,global,class=COMRAM,space=1,delta=1,noexec
     8                           	psect	cstackCOMRAM,global,class=COMRAM,space=1,delta=1,noexec
     9                           	psect	text0,global,reloc=2,class=CODE,delta=1
    10                           	psect	text1,global,reloc=2,class=CODE,delta=1
    11                           	psect	text2,global,reloc=2,class=CODE,delta=1
    12                           	psect	text3,global,reloc=2,class=CODE,delta=1
    13                           	psect	text4,global,reloc=2,class=CODE,delta=1
    14                           	psect	text5,global,reloc=2,class=CODE,delta=1
    15                           	psect	text6,global,reloc=2,class=CODE,delta=1
    16                           	psect	text7,global,reloc=2,class=CODE,delta=1
    17                           	psect	text8,global,reloc=2,class=CODE,delta=1
    18                           	psect	text9,global,reloc=2,class=CODE,delta=1
    19                           	psect	text10,global,reloc=2,class=CODE,delta=1
    20                           	psect	intcode,global,reloc=2,class=CODE,delta=1
    21                           	psect	text12,global,reloc=2,class=CODE,delta=1
    22                           	psect	text13,global,reloc=2,class=CODE,delta=1
    23                           	psect	intsave_regs,global,class=BIGRAM,space=1,delta=1,noexec
    24                           	psect	text14,global,reloc=2,class=CODE,delta=1
    25                           	psect	rparam,global,class=COMRAM,space=1,delta=1,noexec
    26                           	psect	temp,global,ovrld,common,class=COMRAM,space=1,delta=1
    27  0000                     
    28                           ; Version 2.05
    29                           ; Generated 20/12/2018 GMT
    30                           ; 
    31                           ; Copyright © 2018, Microchip Technology Inc. and its subsidiaries ("Microchip")
    32                           ; All rights reserved.
    33                           ; 
    34                           ; This software is developed by Microchip Technology Inc. and its subsidiaries ("Microch
      +                          ip").
    35                           ; 
    36                           ; Redistribution and use in source and binary forms, with or without modification, are
    37                           ; permitted provided that the following conditions are met:
    38                           ; 
    39                           ;     1. Redistributions of source code must retain the above copyright notice, this lis
      +                          t of
    40                           ;        conditions and the following disclaimer.
    41                           ; 
    42                           ;     2. Redistributions in binary form must reproduce the above copyright notice, this 
      +                          list
    43                           ;        of conditions and the following disclaimer in the documentation and/or other
    44                           ;        materials provided with the distribution.
    45                           ; 
    46                           ;     3. Microchip's name may not be used to endorse or promote products derived from th
      +                          is
    47                           ;        software without specific prior written permission.
    48                           ; 
    49                           ; THIS SOFTWARE IS PROVIDED BY MICROCHIP "AS IS" AND ANY EXPRESS OR IMPLIED WARRANTIES,
    50                           ; INCLUDING, BUT NOT LIMITED TO, THE IMPLIED WARRANTIES OF MERCHANTABILITY AND FITNESS F
      +                          OR
    51                           ; PURPOSE ARE DISCLAIMED.  IN NO EVENT SHALL MICROCHIP BE LIABLE FOR ANY DIRECT, INDIREC
      +                          T,
    52                           ; INCIDENTAL, SPECIAL, EXEMPLARY, OR CONSEQUENTIAL DAMAGES (INCLUDING BUT NOT LIMITED TO
    53                           ; PROCUREMENT OF SUBSTITUTE GOODS OR SERVICES; LOSS OF USE, DATA OR PROFITS; OR BUSINESS
    54                           ; INTERRUPTION) HOWSOEVER CAUSED AND ON ANY THEORY OF LIABILITY, WHETHER IN CONTRACT, ST
      +                          RICT
    55                           ; LIABILITY, OR TORT (INCLUDING NEGLIGENCE OR OTHERWISE) ARISING IN ANY WAY OUT OF THE U
      +                          SE OF
    56                           ; THIS SOFTWARE, EVEN IF ADVISED OF THE POSSIBILITY OF SUCH DAMAGE.
    57                           ; 
    58                           ; 
    59                           ; Code-generator required, PIC18F23K22 Definitions
    60                           ; 
    61                           ; SFR Addresses
    62  0000                     
    63                           	psect	nvCOMRAM
    64  000021                     __pnvCOMRAM:
    65                           	opt callstack 0
    66  000021                     _TMR0_InterruptHandler:
    67                           	opt callstack 0
    68  000021                     	ds	2
    69  000023                     _timer0ReloadVal:
    70                           	opt callstack 0
    71  000023                     	ds	1
    72  0000                     _ANSELA	set	3896
    73  0000                     _ANSELB	set	3897
    74  0000                     _ANSELC	set	3898
    75  0000                     _PORTAbits	set	3968
    76  0000                     _LATAbits	set	3977
    77  0000                     _RCONbits	set	4048
    78  0000                     _T0CONbits	set	4053
    79  0000                     _T0CON	set	4053
    80  0000                     _TMR0L	set	4054
    81  0000                     _TMR0H	set	4055
    82  0000                     _OSCTUNE	set	3995
    83  0000                     _OSCCON2	set	4050
    84  0000                     _OSCCON	set	4051
    85  0000                     _INTCONbits	set	4082
    86  0000                     _INTCON2bits	set	4081
    87  0000                     _WPUB	set	3937
    88  0000                     _TRISC	set	3988
    89  0000                     _TRISB	set	3987
    90  0000                     _TRISA	set	3986
    91  0000                     _LATC	set	3979
    92  0000                     _LATB	set	3978
    93  0000                     _LATA	set	3977
    94                           
    95                           ; #config settings
    96  0000                     
    97                           	psect	cinit
    98  000210                     __pcinit:
    99                           	opt callstack 0
   100  000210                     start_initialization:
   101                           	opt callstack 0
   102  000210                     __initialization:
   103                           	opt callstack 0
   104                           
   105                           ; Clear objects allocated to COMRAM (7 bytes)
   106  000210  EE00  F01A         	lfsr	0,__pbssCOMRAM
   107  000214  0E07               	movlw	7
   108  000216                     clear_0:
   109  000216  6AEE               	clrf	postinc0,c
   110  000218  06E8               	decf	wreg,f,c
   111  00021A  E1FD               	bnz	clear_0
   112  00021C                     end_of_initialization:
   113                           	opt callstack 0
   114  00021C                     __end_of__initialization:
   115                           	opt callstack 0
   116  00021C  9024               	bcf	int$flags,0,c	;clear compiler interrupt flag (level 1)
   117  00021E  9224               	bcf	int$flags,1,c	;clear compiler interrupt flag (level 2)
   118  000220  0E00               	movlw	low (__Lmediumconst shr (0+16))
   119  000222  6EF8               	movwf	tblptru,c
   120  000224  0100               	movlb	0
   121  000226  EF16  F000         	goto	_main	;jump to C main() function
   122                           
   123                           	psect	bssCOMRAM
   124  00001A                     __pbssCOMRAM:
   125                           	opt callstack 0
   126  00001A                     _timeCounter:
   127                           	opt callstack 0
   128  00001A                     	ds	4
   129  00001E                     _CD4094Buffer:
   130                           	opt callstack 0
   131  00001E                     	ds	2
   132  000020                     _CD4021Buffer:
   133                           	opt callstack 0
   134  000020                     	ds	1
   135                           
   136                           	psect	cstackCOMRAM
   137  000001                     __pcstackCOMRAM:
   138                           	opt callstack 0
   139  000001                     ??_INTERRUPT_InterruptManager:
   140  000001                     
   141                           ; 1 bytes @ 0x0
   142  000001                     	ds	2
   143  000003                     ??_CD4094Driver:
   144  000003                     CD4094WriteL@BufferL:
   145                           	opt callstack 0
   146  000003                     TMR0_SetInterruptHandler@InterruptHandler:
   147                           	opt callstack 0
   148  000003                     CD4021Driver@i:
   149                           	opt callstack 0
   150                           
   151                           ; 2 bytes @ 0x2
   152  000003                     	ds	2
   153  000005                     CD4021Driver@Data:
   154                           	opt callstack 0
   155  000005                     CD4094Driver@pushBit:
   156                           	opt callstack 0
   157                           
   158                           ; 2 bytes @ 0x4
   159  000005                     	ds	2
   160  000007                     CD4094Driver@Data:
   161                           	opt callstack 0
   162                           
   163                           ; 2 bytes @ 0x6
   164  000007                     	ds	2
   165  000009                     CD4094Driver@i:
   166                           	opt callstack 0
   167                           
   168                           ; 2 bytes @ 0x8
   169  000009                     	ds	2
   170  00000B                     ??_main:
   171                           
   172                           ; 1 bytes @ 0xA
   173  00000B                     	ds	6
   174  000011                     main@CD4094DriveTimeCounter:
   175                           	opt callstack 0
   176                           
   177                           ; 4 bytes @ 0x10
   178  000011                     	ds	4
   179  000015                     main@CD4021DriveTimeCounter:
   180                           	opt callstack 0
   181                           
   182                           ; 4 bytes @ 0x14
   183  000015                     	ds	4
   184  000019                     main@temp:
   185                           	opt callstack 0
   186                           
   187                           ; 1 bytes @ 0x18
   188  000019                     	ds	1
   189                           
   190 ;;
   191 ;;Main: autosize = 0, tempsize = 4, incstack = 0, save=0
   192 ;;
   193 ;; *************** function _main *****************
   194 ;; Defined at:
   195 ;;		line 53 in file "main.c"
   196 ;; Parameters:    Size  Location     Type
   197 ;;		None
   198 ;; Auto vars:     Size  Location     Type
   199 ;;  temp            1   24[COMRAM] unsigned char 
   200 ;;  CD4021DriveT    4   20[COMRAM] unsigned long 
   201 ;;  CD4094DriveT    4   16[COMRAM] unsigned long 
   202 ;;  Pattern         2    0        unsigned short 
   203 ;; Return value:  Size  Location     Type
   204 ;;                  1    wreg      void 
   205 ;; Registers used:
   206 ;;		wreg, status,2, status,0, cstack
   207 ;; Tracked objects:
   208 ;;		On entry : 0/0
   209 ;;		On exit  : 0/0
   210 ;;		Unchanged: 0/0
   211 ;; Data sizes:     COMRAM   BANK0   BANK1
   212 ;;      Params:         0       0       0
   213 ;;      Locals:        11       0       0
   214 ;;      Temps:          4       0       0
   215 ;;      Totals:        15       0       0
   216 ;;Total ram usage:       15 bytes
   217 ;; Hardware stack levels required when called:    6
   218 ;; This function calls:
   219 ;;		_CD4021Driver
   220 ;;		_CD4021Read
   221 ;;		_CD4094Driver
   222 ;;		_CD4094WriteL
   223 ;;		_SYSTEM_Initialize
   224 ;; This function is called by:
   225 ;;		Startup code after reset
   226 ;; This function uses a non-reentrant model
   227 ;;
   228                           
   229                           	psect	text0
   230  00002C                     __ptext0:
   231                           	opt callstack 0
   232  00002C                     _main:
   233                           	opt callstack 25
   234                           
   235                           ;main.c: 56:     SYSTEM_Initialize();
   236                           
   237                           ;incstack = 0
   238  00002C  EC15  F001         	call	_SYSTEM_Initialize	;wreg free
   239                           
   240                           ;main.c: 63:     (INTCONbits.GIE = 1);
   241  000030  8EF2               	bsf	4082,7,c	;volatile
   242                           
   243                           ;main.c: 74:     uint32_t CD4094DriveTimeCounter = 0, CD4021DriveTimeCounter = 0;
   244  000032  0E00               	movlw	0
   245  000034  6E11               	movwf	main@CD4094DriveTimeCounter,c
   246  000036  0E00               	movlw	0
   247  000038  6E12               	movwf	main@CD4094DriveTimeCounter+1,c
   248  00003A  0E00               	movlw	0
   249  00003C  6E13               	movwf	main@CD4094DriveTimeCounter+2,c
   250  00003E  0E00               	movlw	0
   251  000040  6E14               	movwf	main@CD4094DriveTimeCounter+3,c
   252  000042  0E00               	movlw	0
   253  000044  6E15               	movwf	main@CD4021DriveTimeCounter,c
   254  000046  0E00               	movlw	0
   255  000048  6E16               	movwf	main@CD4021DriveTimeCounter+1,c
   256  00004A  0E00               	movlw	0
   257  00004C  6E17               	movwf	main@CD4021DriveTimeCounter+2,c
   258  00004E  0E00               	movlw	0
   259  000050  6E18               	movwf	main@CD4021DriveTimeCounter+3,c
   260  000052                     l1114:
   261                           
   262                           ;main.c: 76:     {;main.c: 77:         uint8_t temp = CD4021Read();
   263  000052  EC37  F001         	call	_CD4021Read	;wreg free
   264  000056  6E19               	movwf	main@temp,c
   265                           
   266                           ;main.c: 78:         CD4094WriteL(temp);
   267  000058  5019               	movf	main@temp,w,c
   268  00005A  EC31  F001         	call	_CD4094WriteL
   269                           
   270                           ;main.c: 79:         if((timeCounter - CD4094DriveTimeCounter)>=100){
   271  00005E  5011               	movf	main@CD4094DriveTimeCounter,w,c
   272  000060  5C1A               	subwf	_timeCounter,w,c
   273  000062  6E0B               	movwf	??_main& (0+255),c
   274  000064  5012               	movf	main@CD4094DriveTimeCounter+1,w,c
   275  000066  581B               	subwfb	_timeCounter+1,w,c
   276  000068  6E0C               	movwf	(??_main+1)& (0+255),c
   277  00006A  5013               	movf	main@CD4094DriveTimeCounter+2,w,c
   278  00006C  581C               	subwfb	_timeCounter+2,w,c
   279  00006E  6E0D               	movwf	(??_main+2)& (0+255),c
   280  000070  5014               	movf	main@CD4094DriveTimeCounter+3,w,c
   281  000072  581D               	subwfb	_timeCounter+3,w,c
   282  000074  6E0E               	movwf	(??_main+3)& (0+255),c
   283  000076  500E               	movf	??_main+3,w,c
   284  000078  100D               	iorwf	??_main+2,w,c
   285  00007A  100C               	iorwf	??_main+1,w,c
   286  00007C  E104               	bnz	u210
   287  00007E  0E64               	movlw	100
   288  000080  5C0B               	subwf	??_main,w,c
   289  000082  A0D8               	btfss	status,0,c
   290  000084  D00A               	goto	l1124
   291  000086                     u210:
   292                           
   293                           ;main.c: 80:             CD4094DriveTimeCounter = timeCounter;
   294  000086  C01A  F011         	movff	_timeCounter,main@CD4094DriveTimeCounter
   295  00008A  C01B  F012         	movff	_timeCounter+1,main@CD4094DriveTimeCounter+1
   296  00008E  C01C  F013         	movff	_timeCounter+2,main@CD4094DriveTimeCounter+2
   297  000092  C01D  F014         	movff	_timeCounter+3,main@CD4094DriveTimeCounter+3
   298                           
   299                           ;main.c: 81:             CD4094Driver();
   300  000096  EC6C  F000         	call	_CD4094Driver	;wreg free
   301  00009A                     l1124:
   302                           
   303                           ;main.c: 83:         if((timeCounter - CD4021DriveTimeCounter)>=100){
   304  00009A  5015               	movf	main@CD4021DriveTimeCounter,w,c
   305  00009C  5C1A               	subwf	_timeCounter,w,c
   306  00009E  6E0B               	movwf	??_main& (0+255),c
   307  0000A0  5016               	movf	main@CD4021DriveTimeCounter+1,w,c
   308  0000A2  581B               	subwfb	_timeCounter+1,w,c
   309  0000A4  6E0C               	movwf	(??_main+1)& (0+255),c
   310  0000A6  5017               	movf	main@CD4021DriveTimeCounter+2,w,c
   311  0000A8  581C               	subwfb	_timeCounter+2,w,c
   312  0000AA  6E0D               	movwf	(??_main+2)& (0+255),c
   313  0000AC  5018               	movf	main@CD4021DriveTimeCounter+3,w,c
   314  0000AE  581D               	subwfb	_timeCounter+3,w,c
   315  0000B0  6E0E               	movwf	(??_main+3)& (0+255),c
   316  0000B2  500E               	movf	??_main+3,w,c
   317  0000B4  100D               	iorwf	??_main+2,w,c
   318  0000B6  100C               	iorwf	??_main+1,w,c
   319  0000B8  E104               	bnz	u220
   320  0000BA  0E64               	movlw	100
   321  0000BC  5C0B               	subwf	??_main,w,c
   322  0000BE  A0D8               	btfss	status,0,c
   323  0000C0  D7C8               	goto	l1114
   324  0000C2                     u220:
   325                           
   326                           ;main.c: 84:             CD4021DriveTimeCounter = timeCounter;
   327  0000C2  C01A  F015         	movff	_timeCounter,main@CD4021DriveTimeCounter
   328  0000C6  C01B  F016         	movff	_timeCounter+1,main@CD4021DriveTimeCounter+1
   329  0000CA  C01C  F017         	movff	_timeCounter+2,main@CD4021DriveTimeCounter+2
   330  0000CE  C01D  F018         	movff	_timeCounter+3,main@CD4021DriveTimeCounter+3
   331                           
   332                           ;main.c: 85:             CD4021Driver();
   333  0000D2  ECA3  F000         	call	_CD4021Driver	;wreg free
   334  0000D6  D7BD               	goto	l1114
   335  0000D8                     __end_of_main:
   336                           	opt callstack 0
   337                           
   338 ;; *************** function _SYSTEM_Initialize *****************
   339 ;; Defined at:
   340 ;;		line 50 in file "mcc_generated_files/mcc.c"
   341 ;; Parameters:    Size  Location     Type
   342 ;;		None
   343 ;; Auto vars:     Size  Location     Type
   344 ;;		None
   345 ;; Return value:  Size  Location     Type
   346 ;;                  1    wreg      void 
   347 ;; Registers used:
   348 ;;		wreg, status,2, status,0, cstack
   349 ;; Tracked objects:
   350 ;;		On entry : 0/0
   351 ;;		On exit  : 0/0
   352 ;;		Unchanged: 0/0
   353 ;; Data sizes:     COMRAM   BANK0   BANK1
   354 ;;      Params:         0       0       0
   355 ;;      Locals:         0       0       0
   356 ;;      Temps:          0       0       0
   357 ;;      Totals:         0       0       0
   358 ;;Total ram usage:        0 bytes
   359 ;; Hardware stack levels used:    1
   360 ;; Hardware stack levels required when called:    5
   361 ;; This function calls:
   362 ;;		_INTERRUPT_Initialize
   363 ;;		_OSCILLATOR_Initialize
   364 ;;		_PIN_MANAGER_Initialize
   365 ;;		_TMR0_Initialize
   366 ;; This function is called by:
   367 ;;		_main
   368 ;; This function uses a non-reentrant model
   369 ;;
   370                           
   371                           	psect	text1
   372  00022A                     __ptext1:
   373                           	opt callstack 0
   374  00022A                     _SYSTEM_Initialize:
   375                           	opt callstack 25
   376                           
   377                           ;mcc_generated_files/mcc.c: 53:     INTERRUPT_Initialize();
   378                           
   379                           ;incstack = 0
   380  00022A  EC35  F001         	call	_INTERRUPT_Initialize	;wreg free
   381                           
   382                           ;mcc_generated_files/mcc.c: 54:     PIN_MANAGER_Initialize();
   383  00022E  ECE1  F000         	call	_PIN_MANAGER_Initialize	;wreg free
   384                           
   385                           ;mcc_generated_files/mcc.c: 55:     OSCILLATOR_Initialize();
   386  000232  EC1E  F001         	call	_OSCILLATOR_Initialize	;wreg free
   387                           
   388                           ;mcc_generated_files/mcc.c: 56:     TMR0_Initialize();
   389  000236  ECC8  F000         	call	_TMR0_Initialize	;wreg free
   390  00023A  0012               	return		;funcret
   391  00023C                     __end_of_SYSTEM_Initialize:
   392                           	opt callstack 0
   393                           
   394 ;; *************** function _TMR0_Initialize *****************
   395 ;; Defined at:
   396 ;;		line 68 in file "mcc_generated_files/tmr0.c"
   397 ;; Parameters:    Size  Location     Type
   398 ;;		None
   399 ;; Auto vars:     Size  Location     Type
   400 ;;		None
   401 ;; Return value:  Size  Location     Type
   402 ;;                  1    wreg      void 
   403 ;; Registers used:
   404 ;;		wreg, status,2, status,0, cstack
   405 ;; Tracked objects:
   406 ;;		On entry : 0/0
   407 ;;		On exit  : 0/0
   408 ;;		Unchanged: 0/0
   409 ;; Data sizes:     COMRAM   BANK0   BANK1
   410 ;;      Params:         0       0       0
   411 ;;      Locals:         0       0       0
   412 ;;      Temps:          0       0       0
   413 ;;      Totals:         0       0       0
   414 ;;Total ram usage:        0 bytes
   415 ;; Hardware stack levels used:    1
   416 ;; Hardware stack levels required when called:    4
   417 ;; This function calls:
   418 ;;		_TMR0_SetInterruptHandler
   419 ;; This function is called by:
   420 ;;		_SYSTEM_Initialize
   421 ;; This function uses a non-reentrant model
   422 ;;
   423                           
   424                           	psect	text2
   425  000190                     __ptext2:
   426                           	opt callstack 0
   427  000190                     _TMR0_Initialize:
   428                           	opt callstack 25
   429                           
   430                           ;mcc_generated_files/tmr0.c: 73:     TMR0H = 0x00;
   431                           
   432                           ;incstack = 0
   433  000190  0E00               	movlw	0
   434  000192  6ED7               	movwf	4055,c	;volatile
   435                           
   436                           ;mcc_generated_files/tmr0.c: 76:     TMR0L = 0xE7;
   437  000194  0EE7               	movlw	231
   438  000196  6ED6               	movwf	4054,c	;volatile
   439                           
   440                           ;mcc_generated_files/tmr0.c: 80:     timer0ReloadVal = 231;
   441  000198  0EE7               	movlw	231
   442  00019A  6E23               	movwf	_timer0ReloadVal,c	;volatile
   443                           
   444                           ;mcc_generated_files/tmr0.c: 83:     INTCONbits.TMR0IF = 0;
   445  00019C  94F2               	bcf	4082,2,c	;volatile
   446                           
   447                           ;mcc_generated_files/tmr0.c: 86:     INTCONbits.TMR0IE = 1;
   448  00019E  8AF2               	bsf	4082,5,c	;volatile
   449                           
   450                           ;mcc_generated_files/tmr0.c: 89:     TMR0_SetInterruptHandler(TMR0_DefaultInterruptHandl
      +                          er);
   451  0001A0  0E4A               	movlw	low _TMR0_DefaultInterruptHandler
   452  0001A2  6E03               	movwf	TMR0_SetInterruptHandler@InterruptHandler,c
   453  0001A4  0E02               	movlw	high _TMR0_DefaultInterruptHandler
   454  0001A6  6E04               	movwf	TMR0_SetInterruptHandler@InterruptHandler+1,c
   455  0001A8  EC2C  F001         	call	_TMR0_SetInterruptHandler	;wreg free
   456                           
   457                           ;mcc_generated_files/tmr0.c: 92:     T0CON = 0xD0;
   458  0001AC  0ED0               	movlw	208
   459  0001AE  6ED5               	movwf	4053,c	;volatile
   460                           
   461                           ;mcc_generated_files/tmr0.c: 93:     timeCounter = 0;
   462  0001B0  0E00               	movlw	0
   463  0001B2  6E1A               	movwf	_timeCounter,c
   464  0001B4  0E00               	movlw	0
   465  0001B6  6E1B               	movwf	_timeCounter+1,c
   466  0001B8  0E00               	movlw	0
   467  0001BA  6E1C               	movwf	_timeCounter+2,c
   468  0001BC  0E00               	movlw	0
   469  0001BE  6E1D               	movwf	_timeCounter+3,c
   470  0001C0  0012               	return		;funcret
   471  0001C2                     __end_of_TMR0_Initialize:
   472                           	opt callstack 0
   473                           
   474 ;; *************** function _TMR0_SetInterruptHandler *****************
   475 ;; Defined at:
   476 ;;		line 149 in file "mcc_generated_files/tmr0.c"
   477 ;; Parameters:    Size  Location     Type
   478 ;;  InterruptHan    2    2[COMRAM] PTR FTN()void 
   479 ;;		 -> TMR0_DefaultInterruptHandler(1), 
   480 ;; Auto vars:     Size  Location     Type
   481 ;;		None
   482 ;; Return value:  Size  Location     Type
   483 ;;                  1    wreg      void 
   484 ;; Registers used:
   485 ;;		wreg, status,2, status,0
   486 ;; Tracked objects:
   487 ;;		On entry : 0/0
   488 ;;		On exit  : 0/0
   489 ;;		Unchanged: 0/0
   490 ;; Data sizes:     COMRAM   BANK0   BANK1
   491 ;;      Params:         2       0       0
   492 ;;      Locals:         0       0       0
   493 ;;      Temps:          0       0       0
   494 ;;      Totals:         2       0       0
   495 ;;Total ram usage:        2 bytes
   496 ;; Hardware stack levels used:    1
   497 ;; Hardware stack levels required when called:    3
   498 ;; This function calls:
   499 ;;		Nothing
   500 ;; This function is called by:
   501 ;;		_TMR0_Initialize
   502 ;; This function uses a non-reentrant model
   503 ;;
   504                           
   505                           	psect	text3
   506  000258                     __ptext3:
   507                           	opt callstack 0
   508  000258                     _TMR0_SetInterruptHandler:
   509                           	opt callstack 25
   510                           
   511                           ;mcc_generated_files/tmr0.c: 150:     TMR0_InterruptHandler = InterruptHandler;
   512                           
   513                           ;incstack = 0
   514  000258  C003  F021         	movff	TMR0_SetInterruptHandler@InterruptHandler,_TMR0_InterruptHandler
   515  00025C  C004  F022         	movff	TMR0_SetInterruptHandler@InterruptHandler+1,_TMR0_InterruptHandler+1
   516  000260  0012               	return		;funcret
   517  000262                     __end_of_TMR0_SetInterruptHandler:
   518                           	opt callstack 0
   519                           
   520 ;; *************** function _PIN_MANAGER_Initialize *****************
   521 ;; Defined at:
   522 ;;		line 55 in file "mcc_generated_files/pin_manager.c"
   523 ;; Parameters:    Size  Location     Type
   524 ;;		None
   525 ;; Auto vars:     Size  Location     Type
   526 ;;		None
   527 ;; Return value:  Size  Location     Type
   528 ;;                  1    wreg      void 
   529 ;; Registers used:
   530 ;;		wreg, status,2
   531 ;; Tracked objects:
   532 ;;		On entry : 0/0
   533 ;;		On exit  : 0/0
   534 ;;		Unchanged: 0/0
   535 ;; Data sizes:     COMRAM   BANK0   BANK1
   536 ;;      Params:         0       0       0
   537 ;;      Locals:         0       0       0
   538 ;;      Temps:          0       0       0
   539 ;;      Totals:         0       0       0
   540 ;;Total ram usage:        0 bytes
   541 ;; Hardware stack levels used:    1
   542 ;; Hardware stack levels required when called:    3
   543 ;; This function calls:
   544 ;;		Nothing
   545 ;; This function is called by:
   546 ;;		_SYSTEM_Initialize
   547 ;; This function uses a non-reentrant model
   548 ;;
   549                           
   550                           	psect	text4
   551  0001C2                     __ptext4:
   552                           	opt callstack 0
   553  0001C2                     _PIN_MANAGER_Initialize:
   554                           	opt callstack 26
   555                           
   556                           ;mcc_generated_files/pin_manager.c: 60:     LATA = 0x00;
   557                           
   558                           ;incstack = 0
   559  0001C2  0E00               	movlw	0
   560  0001C4  6E89               	movwf	3977,c	;volatile
   561                           
   562                           ;mcc_generated_files/pin_manager.c: 61:     LATB = 0x00;
   563  0001C6  0E00               	movlw	0
   564  0001C8  6E8A               	movwf	3978,c	;volatile
   565                           
   566                           ;mcc_generated_files/pin_manager.c: 62:     LATC = 0x00;
   567  0001CA  0E00               	movlw	0
   568  0001CC  6E8B               	movwf	3979,c	;volatile
   569                           
   570                           ;mcc_generated_files/pin_manager.c: 67:     TRISA = 0xD0;
   571  0001CE  0ED0               	movlw	208
   572  0001D0  6E92               	movwf	3986,c	;volatile
   573                           
   574                           ;mcc_generated_files/pin_manager.c: 68:     TRISB = 0xFF;
   575  0001D2  6893               	setf	3987,c	;volatile
   576                           
   577                           ;mcc_generated_files/pin_manager.c: 69:     TRISC = 0xFF;
   578  0001D4  6894               	setf	3988,c	;volatile
   579                           
   580                           ;mcc_generated_files/pin_manager.c: 74:     ANSELC = 0xFC;
   581  0001D6  0EFC               	movlw	252
   582  0001D8  010F               	movlb	15	; () banked
   583  0001DA  6F3A               	movwf	58,b	;volatile
   584                           
   585                           ;mcc_generated_files/pin_manager.c: 75:     ANSELB = 0x3F;
   586  0001DC  0E3F               	movlw	63
   587  0001DE  6F39               	movwf	57,b	;volatile
   588                           
   589                           ;mcc_generated_files/pin_manager.c: 76:     ANSELA = 0x00;
   590  0001E0  0E00               	movlw	0
   591  0001E2  6F38               	movwf	56,b	;volatile
   592                           
   593                           ; BSR set to: 15
   594                           ;mcc_generated_files/pin_manager.c: 81:     WPUB = 0xFF;
   595  0001E4  6861               	setf	3937,c	;volatile
   596                           
   597                           ; BSR set to: 15
   598                           ;mcc_generated_files/pin_manager.c: 82:     INTCON2bits.nRBPU = 1;
   599  0001E6  8EF1               	bsf	4081,7,c	;volatile
   600                           
   601                           ; BSR set to: 15
   602  0001E8  0012               	return		;funcret
   603  0001EA                     __end_of_PIN_MANAGER_Initialize:
   604                           	opt callstack 0
   605                           
   606 ;; *************** function _OSCILLATOR_Initialize *****************
   607 ;; Defined at:
   608 ;;		line 59 in file "mcc_generated_files/mcc.c"
   609 ;; Parameters:    Size  Location     Type
   610 ;;		None
   611 ;; Auto vars:     Size  Location     Type
   612 ;;		None
   613 ;; Return value:  Size  Location     Type
   614 ;;                  1    wreg      void 
   615 ;; Registers used:
   616 ;;		wreg, status,2
   617 ;; Tracked objects:
   618 ;;		On entry : 0/0
   619 ;;		On exit  : 0/0
   620 ;;		Unchanged: 0/0
   621 ;; Data sizes:     COMRAM   BANK0   BANK1
   622 ;;      Params:         0       0       0
   623 ;;      Locals:         0       0       0
   624 ;;      Temps:          0       0       0
   625 ;;      Totals:         0       0       0
   626 ;;Total ram usage:        0 bytes
   627 ;; Hardware stack levels used:    1
   628 ;; Hardware stack levels required when called:    3
   629 ;; This function calls:
   630 ;;		Nothing
   631 ;; This function is called by:
   632 ;;		_SYSTEM_Initialize
   633 ;; This function uses a non-reentrant model
   634 ;;
   635                           
   636                           	psect	text5
   637  00023C                     __ptext5:
   638                           	opt callstack 0
   639  00023C                     _OSCILLATOR_Initialize:
   640                           	opt callstack 26
   641                           
   642                           ;mcc_generated_files/mcc.c: 62:     OSCCON = 0x40;
   643                           
   644                           ; BSR set to: 15
   645                           ;incstack = 0
   646  00023C  0E40               	movlw	64
   647  00023E  6ED3               	movwf	4051,c	;volatile
   648                           
   649                           ;mcc_generated_files/mcc.c: 64:     OSCCON2 = 0x04;
   650  000240  0E04               	movlw	4
   651  000242  6ED2               	movwf	4050,c	;volatile
   652                           
   653                           ;mcc_generated_files/mcc.c: 66:     OSCTUNE = 0x80;
   654  000244  0E80               	movlw	128
   655  000246  6E9B               	movwf	3995,c	;volatile
   656  000248  0012               	return		;funcret
   657  00024A                     __end_of_OSCILLATOR_Initialize:
   658                           	opt callstack 0
   659                           
   660 ;; *************** function _INTERRUPT_Initialize *****************
   661 ;; Defined at:
   662 ;;		line 52 in file "mcc_generated_files/interrupt_manager.c"
   663 ;; Parameters:    Size  Location     Type
   664 ;;		None
   665 ;; Auto vars:     Size  Location     Type
   666 ;;		None
   667 ;; Return value:  Size  Location     Type
   668 ;;                  1    wreg      void 
   669 ;; Registers used:
   670 ;;		None
   671 ;; Tracked objects:
   672 ;;		On entry : 0/0
   673 ;;		On exit  : 0/0
   674 ;;		Unchanged: 0/0
   675 ;; Data sizes:     COMRAM   BANK0   BANK1
   676 ;;      Params:         0       0       0
   677 ;;      Locals:         0       0       0
   678 ;;      Temps:          0       0       0
   679 ;;      Totals:         0       0       0
   680 ;;Total ram usage:        0 bytes
   681 ;; Hardware stack levels used:    1
   682 ;; Hardware stack levels required when called:    3
   683 ;; This function calls:
   684 ;;		Nothing
   685 ;; This function is called by:
   686 ;;		_SYSTEM_Initialize
   687 ;; This function uses a non-reentrant model
   688 ;;
   689                           
   690                           	psect	text6
   691  00026A                     __ptext6:
   692                           	opt callstack 0
   693  00026A                     _INTERRUPT_Initialize:
   694                           	opt callstack 26
   695                           
   696                           ;mcc_generated_files/interrupt_manager.c: 55:     RCONbits.IPEN = 0;
   697                           
   698                           ;incstack = 0
   699  00026A  9ED0               	bcf	4048,7,c	;volatile
   700  00026C  0012               	return		;funcret
   701  00026E                     __end_of_INTERRUPT_Initialize:
   702                           	opt callstack 0
   703                           
   704 ;; *************** function _CD4094WriteL *****************
   705 ;; Defined at:
   706 ;;		line 48 in file "mcc_generated_files/CD4094.c"
   707 ;; Parameters:    Size  Location     Type
   708 ;;  BufferL         1    wreg     unsigned char 
   709 ;; Auto vars:     Size  Location     Type
   710 ;;  BufferL         1    2[COMRAM] unsigned char 
   711 ;; Return value:  Size  Location     Type
   712 ;;                  1    wreg      void 
   713 ;; Registers used:
   714 ;;		wreg
   715 ;; Tracked objects:
   716 ;;		On entry : 0/0
   717 ;;		On exit  : 0/0
   718 ;;		Unchanged: 0/0
   719 ;; Data sizes:     COMRAM   BANK0   BANK1
   720 ;;      Params:         0       0       0
   721 ;;      Locals:         1       0       0
   722 ;;      Temps:          0       0       0
   723 ;;      Totals:         1       0       0
   724 ;;Total ram usage:        1 bytes
   725 ;; Hardware stack levels used:    1
   726 ;; Hardware stack levels required when called:    3
   727 ;; This function calls:
   728 ;;		Nothing
   729 ;; This function is called by:
   730 ;;		_main
   731 ;; This function uses a non-reentrant model
   732 ;;
   733                           
   734                           	psect	text7
   735  000262                     __ptext7:
   736                           	opt callstack 0
   737  000262                     _CD4094WriteL:
   738                           	opt callstack 27
   739                           
   740                           ;incstack = 0
   741                           ;CD4094WriteL@BufferL stored from wreg
   742  000262  6E03               	movwf	CD4094WriteL@BufferL,c
   743                           
   744                           ;mcc_generated_files/CD4094.c: 49:     CD4094Buffer.BufferL = BufferL;
   745  000264  C003  F01F         	movff	CD4094WriteL@BufferL,_CD4094Buffer+1
   746  000268  0012               	return		;funcret
   747  00026A                     __end_of_CD4094WriteL:
   748                           	opt callstack 0
   749                           
   750 ;; *************** function _CD4094Driver *****************
   751 ;; Defined at:
   752 ;;		line 20 in file "mcc_generated_files/CD4094.c"
   753 ;; Parameters:    Size  Location     Type
   754 ;;		None
   755 ;; Auto vars:     Size  Location     Type
   756 ;;  pushBit         2    4[COMRAM] unsigned short 
   757 ;;  i               2    8[COMRAM] int 
   758 ;;  Data            2    6[COMRAM] unsigned short 
   759 ;; Return value:  Size  Location     Type
   760 ;;                  1    wreg      void 
   761 ;; Registers used:
   762 ;;		wreg, status,2, status,0
   763 ;; Tracked objects:
   764 ;;		On entry : 0/0
   765 ;;		On exit  : 0/0
   766 ;;		Unchanged: 0/0
   767 ;; Data sizes:     COMRAM   BANK0   BANK1
   768 ;;      Params:         0       0       0
   769 ;;      Locals:         6       0       0
   770 ;;      Temps:          2       0       0
   771 ;;      Totals:         8       0       0
   772 ;;Total ram usage:        8 bytes
   773 ;; Hardware stack levels used:    1
   774 ;; Hardware stack levels required when called:    3
   775 ;; This function calls:
   776 ;;		Nothing
   777 ;; This function is called by:
   778 ;;		_main
   779 ;; This function uses a non-reentrant model
   780 ;;
   781                           
   782                           	psect	text8
   783  0000D8                     __ptext8:
   784                           	opt callstack 0
   785  0000D8                     _CD4094Driver:
   786                           	opt callstack 27
   787                           
   788                           ;mcc_generated_files/CD4094.c: 21:     uint16_t Data = CD4094Buffer.Buffer;
   789                           
   790                           ;incstack = 0
   791  0000D8  C01E  F007         	movff	_CD4094Buffer,CD4094Driver@Data
   792  0000DC  C01F  F008         	movff	_CD4094Buffer+1,CD4094Driver@Data+1
   793                           
   794                           ;mcc_generated_files/CD4094.c: 22:     LATAbits.LATA0 = 0;
   795  0000E0  9089               	bcf	3977,0,c	;volatile
   796                           
   797                           ;mcc_generated_files/CD4094.c: 23:     for(int i=0;i<16;i++){
   798  0000E2  0E00               	movlw	0
   799  0000E4  6E0A               	movwf	CD4094Driver@i+1,c
   800  0000E6  0E00               	movlw	0
   801  0000E8  6E09               	movwf	CD4094Driver@i,c
   802  0000EA                     l1056:
   803                           
   804                           ;mcc_generated_files/CD4094.c: 24:         uint16_t pushBit = (Data&0x01);
   805  0000EA  0E01               	movlw	1
   806  0000EC  1407               	andwf	CD4094Driver@Data,w,c
   807  0000EE  6E05               	movwf	CD4094Driver@pushBit,c
   808  0000F0  6A06               	clrf	CD4094Driver@pushBit+1,c
   809                           
   810                           ;mcc_generated_files/CD4094.c: 25:         LATAbits.LATA2 = 0;
   811  0000F2  9489               	bcf	3977,2,c	;volatile
   812                           
   813                           ;mcc_generated_files/CD4094.c: 26:         LATAbits.LATA1 = (pushBit)?0:1;
   814  0000F4  5005               	movf	CD4094Driver@pushBit,w,c
   815  0000F6  1006               	iorwf	CD4094Driver@pushBit+1,w,c
   816  0000F8  A4D8               	btfss	status,2,c
   817  0000FA  D003               	goto	u140
   818  0000FC  6A03               	clrf	??_CD4094Driver& (0+255),c
   819  0000FE  2A03               	incf	??_CD4094Driver& (0+255),f,c
   820  000100  D001               	goto	u158
   821  000102                     u140:
   822  000102  6A03               	clrf	??_CD4094Driver& (0+255),c
   823  000104                     u158:
   824  000104  4603               	rlncf	??_CD4094Driver,f,c
   825  000106  5089               	movf	3977,w,c	;volatile
   826  000108  1803               	xorwf	??_CD4094Driver,w,c
   827  00010A  0BFD               	andlw	-3
   828  00010C  1803               	xorwf	??_CD4094Driver,w,c
   829  00010E  6E89               	movwf	3977,c	;volatile
   830                           
   831                           ;mcc_generated_files/CD4094.c: 27:         __nop();
   832  000110  F000               	nop	
   833                           
   834                           ;mcc_generated_files/CD4094.c: 28:         LATAbits.LATA2 = 1;
   835  000112  8489               	bsf	3977,2,c	;volatile
   836                           
   837                           ;mcc_generated_files/CD4094.c: 29:         Data=(Data>>1);
   838  000114  90D8               	bcf	status,0,c
   839  000116  3008               	rrcf	CD4094Driver@Data+1,w,c
   840  000118  6E03               	movwf	??_CD4094Driver& (0+255),c
   841  00011A  3007               	rrcf	CD4094Driver@Data,w,c
   842  00011C  6E07               	movwf	CD4094Driver@Data,c
   843  00011E  C003  F008         	movff	??_CD4094Driver,CD4094Driver@Data+1
   844                           
   845                           ;mcc_generated_files/CD4094.c: 30:         __nop();
   846  000122  F000               	nop	
   847                           
   848                           ;mcc_generated_files/CD4094.c: 31:     }
   849  000124  4A09               	infsnz	CD4094Driver@i,f,c
   850  000126  2A0A               	incf	CD4094Driver@i+1,f,c
   851  000128  BE0A               	btfsc	CD4094Driver@i+1,7,c
   852  00012A  D7DF               	goto	l1056
   853  00012C  500A               	movf	CD4094Driver@i+1,w,c
   854  00012E  E104               	bnz	u160
   855  000130  0E10               	movlw	16
   856  000132  5C09               	subwf	CD4094Driver@i,w,c
   857  000134  A0D8               	btfss	status,0,c
   858  000136  D7D9               	goto	l1056
   859  000138                     u160:
   860                           
   861                           ;mcc_generated_files/CD4094.c: 32:     LATAbits.LATA2 = 1;
   862  000138  8489               	bsf	3977,2,c	;volatile
   863                           
   864                           ;mcc_generated_files/CD4094.c: 33:     LATAbits.LATA0 = 1;
   865  00013A  8089               	bsf	3977,0,c	;volatile
   866                           
   867                           ;mcc_generated_files/CD4094.c: 35:     __nop();
   868  00013C  F000               	nop	
   869                           
   870                           ;mcc_generated_files/CD4094.c: 36:     LATAbits.LATA2 = 1;
   871  00013E  8489               	bsf	3977,2,c	;volatile
   872                           
   873                           ;mcc_generated_files/CD4094.c: 37:     LATAbits.LATA0 = 0;
   874  000140  9089               	bcf	3977,0,c	;volatile
   875                           
   876                           ;mcc_generated_files/CD4094.c: 39:     __nop();
   877  000142  F000               	nop	
   878                           
   879                           ;mcc_generated_files/CD4094.c: 40:     return;
   880  000144  0012               	return		;funcret
   881  000146                     __end_of_CD4094Driver:
   882                           	opt callstack 0
   883                           
   884 ;; *************** function _CD4021Read *****************
   885 ;; Defined at:
   886 ;;		line 31 in file "mcc_generated_files/CD4021.c"
   887 ;; Parameters:    Size  Location     Type
   888 ;;		None
   889 ;; Auto vars:     Size  Location     Type
   890 ;;		None
   891 ;; Return value:  Size  Location     Type
   892 ;;                  1    wreg      unsigned char 
   893 ;; Registers used:
   894 ;;		wreg, status,2
   895 ;; Tracked objects:
   896 ;;		On entry : 0/0
   897 ;;		On exit  : 0/0
   898 ;;		Unchanged: 0/0
   899 ;; Data sizes:     COMRAM   BANK0   BANK1
   900 ;;      Params:         0       0       0
   901 ;;      Locals:         0       0       0
   902 ;;      Temps:          0       0       0
   903 ;;      Totals:         0       0       0
   904 ;;Total ram usage:        0 bytes
   905 ;; Hardware stack levels used:    1
   906 ;; Hardware stack levels required when called:    3
   907 ;; This function calls:
   908 ;;		Nothing
   909 ;; This function is called by:
   910 ;;		_main
   911 ;; This function uses a non-reentrant model
   912 ;;
   913                           
   914                           	psect	text9
   915  00026E                     __ptext9:
   916                           	opt callstack 0
   917  00026E                     _CD4021Read:
   918                           	opt callstack 27
   919                           
   920                           ;mcc_generated_files/CD4021.c: 32:     return CD4021Buffer;
   921                           
   922                           ;incstack = 0
   923  00026E  5020               	movf	_CD4021Buffer,w,c
   924  000270  0012               	return		;funcret
   925  000272                     __end_of_CD4021Read:
   926                           	opt callstack 0
   927                           
   928 ;; *************** function _CD4021Driver *****************
   929 ;; Defined at:
   930 ;;		line 13 in file "mcc_generated_files/CD4021.c"
   931 ;; Parameters:    Size  Location     Type
   932 ;;		None
   933 ;; Auto vars:     Size  Location     Type
   934 ;;  i               2    2[COMRAM] int 
   935 ;;  Data            1    4[COMRAM] unsigned char 
   936 ;; Return value:  Size  Location     Type
   937 ;;                  1    wreg      void 
   938 ;; Registers used:
   939 ;;		wreg, status,2, status,0
   940 ;; Tracked objects:
   941 ;;		On entry : 0/0
   942 ;;		On exit  : 0/0
   943 ;;		Unchanged: 0/0
   944 ;; Data sizes:     COMRAM   BANK0   BANK1
   945 ;;      Params:         0       0       0
   946 ;;      Locals:         3       0       0
   947 ;;      Temps:          0       0       0
   948 ;;      Totals:         3       0       0
   949 ;;Total ram usage:        3 bytes
   950 ;; Hardware stack levels used:    1
   951 ;; Hardware stack levels required when called:    3
   952 ;; This function calls:
   953 ;;		Nothing
   954 ;; This function is called by:
   955 ;;		_main
   956 ;; This function uses a non-reentrant model
   957 ;;
   958                           
   959                           	psect	text10
   960  000146                     __ptext10:
   961                           	opt callstack 0
   962  000146                     _CD4021Driver:
   963                           	opt callstack 27
   964                           
   965                           ;mcc_generated_files/CD4021.c: 14:     uint8_t Data = 0x00;
   966                           
   967                           ;incstack = 0
   968  000146  0E00               	movlw	0
   969  000148  6E05               	movwf	CD4021Driver@Data,c
   970                           
   971                           ;mcc_generated_files/CD4021.c: 15:     LATAbits.LATA3 = 0;
   972  00014A  9689               	bcf	3977,3,c	;volatile
   973                           
   974                           ;mcc_generated_files/CD4021.c: 16:     __nop();
   975  00014C  F000               	nop	
   976                           
   977                           ;mcc_generated_files/CD4021.c: 17:     LATAbits.LATA3 = 1;
   978  00014E  8689               	bsf	3977,3,c	;volatile
   979                           
   980                           ;mcc_generated_files/CD4021.c: 18:     __nop();
   981  000150  F000               	nop	
   982                           
   983                           ;mcc_generated_files/CD4021.c: 19:     LATAbits.LATA3 = 0;
   984  000152  9689               	bcf	3977,3,c	;volatile
   985                           
   986                           ;mcc_generated_files/CD4021.c: 20:     for(int i=0;i<16;i++){
   987  000154  0E00               	movlw	0
   988  000156  6E04               	movwf	CD4021Driver@i+1,c
   989  000158  0E00               	movlw	0
   990  00015A  6E03               	movwf	CD4021Driver@i,c
   991  00015C                     l169:
   992                           
   993                           ;mcc_generated_files/CD4021.c: 21:         __nop();
   994  00015C  F000               	nop	
   995                           
   996                           ;mcc_generated_files/CD4021.c: 22:         Data = (Data<<1);
   997  00015E  5005               	movf	CD4021Driver@Data,w,c
   998  000160  2405               	addwf	CD4021Driver@Data,w,c
   999  000162  6E05               	movwf	CD4021Driver@Data,c
  1000                           
  1001                           ;mcc_generated_files/CD4021.c: 23:         LATAbits.LATA5 = 0;
  1002  000164  9A89               	bcf	3977,5,c	;volatile
  1003                           
  1004                           ;mcc_generated_files/CD4021.c: 24:         Data |= (PORTAbits.RA4 & 0x01);
  1005  000166  A880               	btfss	3968,4,c	;volatile
  1006  000168  D002               	goto	u170
  1007  00016A  0E01               	movlw	1
  1008  00016C  D001               	goto	u176
  1009  00016E                     u170:
  1010  00016E  0E00               	movlw	0
  1011  000170                     u176:
  1012  000170  1205               	iorwf	CD4021Driver@Data,f,c
  1013                           
  1014                           ;mcc_generated_files/CD4021.c: 25:         __nop();
  1015  000172  F000               	nop	
  1016                           
  1017                           ;mcc_generated_files/CD4021.c: 26:         LATAbits.LATA5 = 1;
  1018  000174  8A89               	bsf	3977,5,c	;volatile
  1019                           
  1020                           ;mcc_generated_files/CD4021.c: 27:     }
  1021  000176  4A03               	infsnz	CD4021Driver@i,f,c
  1022  000178  2A04               	incf	CD4021Driver@i+1,f,c
  1023  00017A  BE04               	btfsc	CD4021Driver@i+1,7,c
  1024  00017C  D7EF               	goto	l169
  1025  00017E  5004               	movf	CD4021Driver@i+1,w,c
  1026  000180  E104               	bnz	u180
  1027  000182  0E10               	movlw	16
  1028  000184  5C03               	subwf	CD4021Driver@i,w,c
  1029  000186  A0D8               	btfss	status,0,c
  1030  000188  D7E9               	goto	l169
  1031  00018A                     u180:
  1032                           
  1033                           ;mcc_generated_files/CD4021.c: 28:     CD4021Buffer = Data;
  1034  00018A  C005  F020         	movff	CD4021Driver@Data,_CD4021Buffer
  1035                           
  1036                           ;mcc_generated_files/CD4021.c: 29:     return;
  1037  00018E  0012               	return		;funcret
  1038  000190                     __end_of_CD4021Driver:
  1039                           	opt callstack 0
  1040                           
  1041 ;; *************** function _INTERRUPT_InterruptManager *****************
  1042 ;; Defined at:
  1043 ;;		line 58 in file "mcc_generated_files/interrupt_manager.c"
  1044 ;; Parameters:    Size  Location     Type
  1045 ;;		None
  1046 ;; Auto vars:     Size  Location     Type
  1047 ;;		None
  1048 ;; Return value:  Size  Location     Type
  1049 ;;                  1    wreg      void 
  1050 ;; Registers used:
  1051 ;;		wreg, status,2, status,0, pclath, tosl, cstack
  1052 ;; Tracked objects:
  1053 ;;		On entry : 0/0
  1054 ;;		On exit  : 0/0
  1055 ;;		Unchanged: 0/0
  1056 ;; Data sizes:     COMRAM   BANK0   BANK1
  1057 ;;      Params:         0       0       0
  1058 ;;      Locals:         0       0       0
  1059 ;;      Temps:          2       0       0
  1060 ;;      Totals:         2       0       0
  1061 ;;Total ram usage:        2 bytes
  1062 ;; Hardware stack levels used:    1
  1063 ;; Hardware stack levels required when called:    2
  1064 ;; This function calls:
  1065 ;;		_TMR0_ISR
  1066 ;; This function is called by:
  1067 ;;		Interrupt level 2
  1068 ;; This function uses a non-reentrant model
  1069 ;;
  1070                           
  1071                           	psect	intcode
  1072  000008                     __pintcode:
  1073                           	opt callstack 0
  1074  000008                     _INTERRUPT_InterruptManager:
  1075                           	opt callstack 25
  1076                           
  1077                           ;incstack = 0
  1078  000008  8224               	bsf	btemp,1,c	;set compiler interrupt flag (level 2)
  1079  00000A  CFFA F001          	movff	pclath,??_INTERRUPT_InterruptManager
  1080  00000E  CFFB F002          	movff	pclatu,??_INTERRUPT_InterruptManager+1
  1081                           
  1082                           ;mcc_generated_files/interrupt_manager.c: 61:     if(INTCONbits.TMR0IE == 1 && INTCONbit
      +                          s.TMR0IF == 1)
  1083  000012  BAF2               	btfsc	4082,5,c	;volatile
  1084  000014  A4F2               	btfss	4082,2,c	;volatile
  1085  000016  D002               	goto	i2l114
  1086                           
  1087                           ;mcc_generated_files/interrupt_manager.c: 62:     {;mcc_generated_files/interrupt_manage
      +                          r.c: 63:         TMR0_ISR();
  1088  000018  ECF5  F000         	call	_TMR0_ISR	;wreg free
  1089  00001C                     i2l114:
  1090  00001C  C002  FFFB         	movff	??_INTERRUPT_InterruptManager+1,pclatu
  1091  000020  C001  FFFA         	movff	??_INTERRUPT_InterruptManager,pclath
  1092  000024  9224               	bcf	btemp,1,c	;clear compiler interrupt flag (level 2)
  1093  000026  0011               	retfie		f
  1094  000028                     __end_of_INTERRUPT_InterruptManager:
  1095                           	opt callstack 0
  1096                           
  1097 ;; *************** function _TMR0_ISR *****************
  1098 ;; Defined at:
  1099 ;;		line 131 in file "mcc_generated_files/tmr0.c"
  1100 ;; Parameters:    Size  Location     Type
  1101 ;;		None
  1102 ;; Auto vars:     Size  Location     Type
  1103 ;;		None
  1104 ;; Return value:  Size  Location     Type
  1105 ;;                  1    wreg      void 
  1106 ;; Registers used:
  1107 ;;		wreg, status,2, status,0, pclath, tosl, cstack
  1108 ;; Tracked objects:
  1109 ;;		On entry : 0/0
  1110 ;;		On exit  : 0/0
  1111 ;;		Unchanged: 0/0
  1112 ;; Data sizes:     COMRAM   BANK0   BANK1
  1113 ;;      Params:         0       0       0
  1114 ;;      Locals:         0       0       0
  1115 ;;      Temps:          0       0       0
  1116 ;;      Totals:         0       0       0
  1117 ;;Total ram usage:        0 bytes
  1118 ;; Hardware stack levels used:    1
  1119 ;; Hardware stack levels required when called:    1
  1120 ;; This function calls:
  1121 ;;		Absolute function
  1122 ;;		_TMR0_DefaultInterruptHandler
  1123 ;; This function is called by:
  1124 ;;		_INTERRUPT_InterruptManager
  1125 ;; This function uses a non-reentrant model
  1126 ;;
  1127                           
  1128                           	psect	text12
  1129  0001EA                     __ptext12:
  1130                           	opt callstack 0
  1131  0001EA                     _TMR0_ISR:
  1132                           	opt callstack 25
  1133                           
  1134                           ;mcc_generated_files/tmr0.c: 135:     INTCONbits.TMR0IF = 0;
  1135                           
  1136                           ;incstack = 0
  1137  0001EA  94F2               	bcf	4082,2,c	;volatile
  1138                           
  1139                           ;mcc_generated_files/tmr0.c: 138:     TMR0L = timer0ReloadVal;
  1140  0001EC  C023  FFD6         	movff	_timer0ReloadVal,4054	;volatile
  1141                           
  1142                           ;mcc_generated_files/tmr0.c: 140:     if(TMR0_InterruptHandler)
  1143  0001F0  5021               	movf	_TMR0_InterruptHandler,w,c
  1144  0001F2  1022               	iorwf	_TMR0_InterruptHandler+1,w,c
  1145  0001F4  B4D8               	btfsc	status,2,c
  1146  0001F6  0012               	return	
  1147                           
  1148                           ;mcc_generated_files/tmr0.c: 141:     {;mcc_generated_files/tmr0.c: 142:         TMR0_In
      +                          terruptHandler();
  1149  0001F8  D801               	call	i2u13_48
  1150  0001FA  0012               	return	
  1151  0001FC                     i2u13_48:
  1152  0001FC  0005               	push	
  1153  0001FE  6EFA               	movwf	pclath,c
  1154  000200  5021               	movf	_TMR0_InterruptHandler,w,c
  1155  000202  6EFD               	movwf	tosl,c
  1156  000204  5022               	movf	_TMR0_InterruptHandler+1,w,c
  1157  000206  6EFE               	movwf	tosh,c
  1158  000208  50F8               	movf	tblptru,w,c
  1159  00020A  6EFF               	movwf	tosu,c
  1160  00020C  50FA               	movf	pclath,w,c
  1161  00020E  0012               	return		;indir
  1162  000210                     __end_of_TMR0_ISR:
  1163                           	opt callstack 0
  1164                           
  1165 ;; *************** function _TMR0_DefaultInterruptHandler *****************
  1166 ;; Defined at:
  1167 ;;		line 153 in file "mcc_generated_files/tmr0.c"
  1168 ;; Parameters:    Size  Location     Type
  1169 ;;		None
  1170 ;; Auto vars:     Size  Location     Type
  1171 ;;		None
  1172 ;; Return value:  Size  Location     Type
  1173 ;;                  1    wreg      void 
  1174 ;; Registers used:
  1175 ;;		wreg, status,2, status,0
  1176 ;; Tracked objects:
  1177 ;;		On entry : 0/0
  1178 ;;		On exit  : 0/0
  1179 ;;		Unchanged: 0/0
  1180 ;; Data sizes:     COMRAM   BANK0   BANK1
  1181 ;;      Params:         0       0       0
  1182 ;;      Locals:         0       0       0
  1183 ;;      Temps:          0       0       0
  1184 ;;      Totals:         0       0       0
  1185 ;;Total ram usage:        0 bytes
  1186 ;; Hardware stack levels used:    1
  1187 ;; This function calls:
  1188 ;;		Nothing
  1189 ;; This function is called by:
  1190 ;;		_TMR0_Initialize
  1191 ;;		_TMR0_ISR
  1192 ;; This function uses a non-reentrant model
  1193 ;;
  1194                           
  1195                           	psect	text13
  1196  00024A                     __ptext13:
  1197                           	opt callstack 0
  1198  00024A                     _TMR0_DefaultInterruptHandler:
  1199                           	opt callstack 25
  1200                           
  1201                           ;mcc_generated_files/tmr0.c: 154:     timeCounter++;
  1202                           
  1203                           ;incstack = 0
  1204  00024A  0E01               	movlw	1
  1205  00024C  261A               	addwf	_timeCounter,f,c
  1206  00024E  0E00               	movlw	0
  1207  000250  221B               	addwfc	_timeCounter+1,f,c
  1208  000252  221C               	addwfc	_timeCounter+2,f,c
  1209  000254  221D               	addwfc	_timeCounter+3,f,c
  1210  000256  0012               	return		;funcret
  1211  000258                     __end_of_TMR0_DefaultInterruptHandler:
  1212                           	opt callstack 0
  1213  0000                     
  1214                           	psect	text14
  1215  000000                     __ptext14:
  1216                           	opt callstack 0
  1217                           
  1218                           	psect	rparam
  1219  0000                     
  1220                           	psect	temp
  1221  000024                     btemp:
  1222                           	opt callstack 0
  1223  000024                     	ds	1
  1224  0000                     int$flags	set	btemp
  1225  0000                     wtemp8	set	btemp+1
  1226  0000                     ttemp5	set	btemp+1
  1227  0000                     ttemp6	set	btemp+4
  1228  0000                     ttemp7	set	btemp+8
  1229                           tosu	equ	0xFFF
  1230                           tosh	equ	0xFFE
  1231                           tosl	equ	0xFFD
  1232                           stkptr	equ	0xFFC
  1233                           pclatu	equ	0xFFB
  1234                           pclath	equ	0xFFA
  1235                           pcl	equ	0xFF9
  1236                           tblptru	equ	0xFF8
  1237                           tblptrh	equ	0xFF7
  1238                           tblptrl	equ	0xFF6
  1239                           tablat	equ	0xFF5
  1240                           prodh	equ	0xFF4
  1241                           prodl	equ	0xFF3
  1242                           indf0	equ	0xFEF
  1243                           postinc0	equ	0xFEE
  1244                           postdec0	equ	0xFED
  1245                           preinc0	equ	0xFEC
  1246                           plusw0	equ	0xFEB
  1247                           fsr0h	equ	0xFEA
  1248                           fsr0l	equ	0xFE9
  1249                           wreg	equ	0xFE8
  1250                           indf1	equ	0xFE7
  1251                           postinc1	equ	0xFE6
  1252                           postdec1	equ	0xFE5
  1253                           preinc1	equ	0xFE4
  1254                           plusw1	equ	0xFE3
  1255                           fsr1h	equ	0xFE2
  1256                           fsr1l	equ	0xFE1
  1257                           bsr	equ	0xFE0
  1258                           indf2	equ	0xFDF
  1259                           postinc2	equ	0xFDE
  1260                           postdec2	equ	0xFDD
  1261                           preinc2	equ	0xFDC
  1262                           plusw2	equ	0xFDB
  1263                           fsr2h	equ	0xFDA
  1264                           fsr2l	equ	0xFD9
  1265                           status	equ	0xFD8


Data Sizes:
    Strings     0
    Constant    0
    Data        0
    BSS         7
    Persistent  3
    Stack       0

Auto Spaces:
    Space          Size  Autos    Used
    COMRAM           94     25      35
    BANK0           160      0       0
    BANK1           256      0       0

Pointer List with Targets:

    TMR0_SetInterruptHandler@InterruptHandler	PTR FTN()void  size(2) Largest target is 1
		 -> TMR0_DefaultInterruptHandler(), 

    TMR0_InterruptHandler	PTR FTN()void  size(2) Largest target is 1
		 -> Absolute function(), TMR0_DefaultInterruptHandler(), 


Critical Paths under _main in COMRAM

    _main->_CD4094Driver
    _TMR0_Initialize->_TMR0_SetInterruptHandler

Critical Paths under _INTERRUPT_InterruptManager in COMRAM

    None.

Critical Paths under _main in BANK0

    None.

Critical Paths under _INTERRUPT_InterruptManager in BANK0

    None.

Critical Paths under _main in BANK1

    None.

Critical Paths under _INTERRUPT_InterruptManager in BANK1

    None.

Call Graph Tables:

 ---------------------------------------------------------------------------------
 (Depth) Function   	        Calls       Base Space   Used Autos Params    Refs
 ---------------------------------------------------------------------------------
 (0) _main                                                15    15      0     400
                                             10 COMRAM    15    15      0
                       _CD4021Driver
                         _CD4021Read
                       _CD4094Driver
                       _CD4094WriteL
                  _SYSTEM_Initialize
 ---------------------------------------------------------------------------------
 (1) _SYSTEM_Initialize                                    0     0      0      98
               _INTERRUPT_Initialize
              _OSCILLATOR_Initialize
             _PIN_MANAGER_Initialize
                    _TMR0_Initialize
 ---------------------------------------------------------------------------------
 (2) _TMR0_Initialize                                      0     0      0      98
           _TMR0_SetInterruptHandler
 ---------------------------------------------------------------------------------
 (3) _TMR0_SetInterruptHandler                             2     0      2      98
                                              2 COMRAM     2     0      2
 ---------------------------------------------------------------------------------
 (2) _PIN_MANAGER_Initialize                               0     0      0       0
 ---------------------------------------------------------------------------------
 (2) _OSCILLATOR_Initialize                                0     0      0       0
 ---------------------------------------------------------------------------------
 (2) _INTERRUPT_Initialize                                 0     0      0       0
 ---------------------------------------------------------------------------------
 (1) _CD4094WriteL                                         1     1      0      22
                                              2 COMRAM     1     1      0
 ---------------------------------------------------------------------------------
 (1) _CD4094Driver                                         8     8      0     115
                                              2 COMRAM     8     8      0
 ---------------------------------------------------------------------------------
 (1) _CD4021Read                                           0     0      0       0
 ---------------------------------------------------------------------------------
 (1) _CD4021Driver                                         3     3      0      93
                                              2 COMRAM     3     3      0
 ---------------------------------------------------------------------------------
 Estimated maximum stack depth 3
 ---------------------------------------------------------------------------------
 (Depth) Function   	        Calls       Base Space   Used Autos Params    Refs
 ---------------------------------------------------------------------------------
 (4) _INTERRUPT_InterruptManager                           2     2      0       0
                                              0 COMRAM     2     2      0
                           _TMR0_ISR
 ---------------------------------------------------------------------------------
 (5) _TMR0_ISR                                             0     0      0       0
                   Absolute function *
       _TMR0_DefaultInterruptHandler *
 ---------------------------------------------------------------------------------
 (6) _TMR0_DefaultInterruptHandler                         0     0      0       0
 ---------------------------------------------------------------------------------
 (6) Absolute function(Fake)                               0     0      0       0
 ---------------------------------------------------------------------------------
 Estimated maximum stack depth 6
 ---------------------------------------------------------------------------------

 Call Graph Graphs:

 _main (ROOT)
   _CD4021Driver
   _CD4021Read
   _CD4094Driver
   _CD4094WriteL
   _SYSTEM_Initialize
     _INTERRUPT_Initialize
     _OSCILLATOR_Initialize
     _PIN_MANAGER_Initialize
     _TMR0_Initialize
       _TMR0_SetInterruptHandler

 _INTERRUPT_InterruptManager (ROOT)
   _TMR0_ISR
     Absolute function(Fake) *
     _TMR0_DefaultInterruptHandler *

 Address spaces:
Name               Size   Autos  Total    Cost      Usage
BIGRAM             1FF      0       0       8        0.0%
EEDATA             100      0       0       0        0.0%
BITBANK1           100      0       0       7        0.0%
BANK1              100      0       0       5        0.0%
BITBANK0            A0      0       0       3        0.0%
BANK0               A0      0       0       4        0.0%
BITCOMRAM           5E      0       0       0        0.0%
COMRAM              5E     19      23       1       37.2%
BITSFR_1             0      0       0     200        0.0%
SFR_1                0      0       0     200        0.0%
BITSFR               0      0       0     200        0.0%
SFR                  0      0       0     200        0.0%
STACK                0      0       0       2        0.0%
NULL                 0      0       0       0        0.0%
ABS                  0      0      23       6        0.0%
DATA                 0      0      23       9        0.0%
CODE                 0      0       0       0        0.0%


Microchip Technology PIC18 Macro Assembler V2.05 build -831301201 
Symbol Table                                                                                   Tue Mar 19 16:18:03 2019

                         _timer0ReloadVal 0023                              __CFG_CP0$OFF 000000  
                            __CFG_CP1$OFF 000000                               __CFG_LVP$ON 000000  
                                     l169 015C                              __CFG_CPB$OFF 000000  
                                     u210 0086                                       u140 0102  
                                     u220 00C2                                       u160 0138  
                                     u170 016E                                       u180 018A  
                                     u158 0104                                       u176 0170  
                            __CFG_CPD$OFF 000000                                       tosl 000FFD  
                                     wreg 000FE8                main@CD4021DriveTimeCounter 0015  
                                    l1114 0052                                      l1124 009A  
                                    l1056 00EA                                      _LATA 000F89  
                                    _LATB 000F8A                                      _LATC 000F8B  
                                    _WPUB 000F61                                      _main 002C  
                                    btemp 0024                             __CFG_BORV$190 000000  
                                    start 0028                             __CFG_IESO$OFF 000000  
                        CD4021Driver@Data 0005                              ___param_bank 000000  
                 __end_of_TMR0_Initialize 01C2            ??_TMR0_DefaultInterruptHandler 0001  
          __size_of_OSCILLATOR_Initialize 000E             __end_of_OSCILLATOR_Initialize 024A  
                            ??_CD4021Read 0003                                     ?_main 0001  
                                   _T0CON 000FD5                            __CFG_DEBUG$OFF 000000  
                                   i2l114 001C                                     _TMR0H 000FD7  
                                   _TMR0L 000FD6                                     _TRISA 000F92  
                                   _TRISB 000F93                                     _TRISC 000F94  
       __size_of_TMR0_SetInterruptHandler 000A                             __CFG_WRT0$OFF 000000  
                           __CFG_WRT1$OFF 000000                 ?_TMR0_SetInterruptHandler 0003  
                          __CFG_EBTR0$OFF 000000                            __CFG_FCMEN$OFF 000000  
                          __CFG_EBTR1$OFF 000000                          __end_of_TMR0_ISR 0210  
                           __CFG_WRTB$OFF 000000                             __CFG_WRTC$OFF 000000  
                           __CFG_WRTD$OFF 000000                            __CFG_EBTRB$OFF 000000  
                      __CFG_MCLRE$EXTMCLR 000000                                     pclath 000FFA  
                                   ttemp5 0025                                     ttemp6 0028  
                                   ttemp7 002C                                     status 000FD8  
                                   wtemp8 0025                            __CFG_HFOFST$ON 000000  
                          __CFG_PBADEN$ON 000000                        __end_of_CD4021Read 0272  
                         __initialization 0210                              __end_of_main 00D8  
             ?_INTERRUPT_InterruptManager 0001                                    ??_main 000B  
                           __activetblptr 000002                                    _ANSELA 000F38  
                                  _ANSELB 000F39                                    _ANSELC 000F3A  
                     CD4094Driver@pushBit 0005                            __CFG_WDTEN$OFF 000000  
                                  _OSCCON 000FD3                            __CFG_XINST$OFF 000000  
                          __CFG_STVREN$ON 000000                          ?_TMR0_Initialize 0001  
                                  clear_0 0216                                    tblptru 000FF8  
TMR0_SetInterruptHandler@InterruptHandler 0003             __size_of_INTERRUPT_Initialize 0004  
                       _SYSTEM_Initialize 022A                                __accesstop 0060  
                 __end_of__initialization 021C                        ?_SYSTEM_Initialize 0001  
                           ___rparam_used 000001                             CD4021Driver@i 0003  
                          __pcstackCOMRAM 0001                       ??_SYSTEM_Initialize 0005  
                               ?_TMR0_ISR 0001                             ?_CD4021Driver 0001  
                           ?_CD4094Driver 0001                             ?_CD4094WriteL 0001  
               __end_of_SYSTEM_Initialize 023C                           __CFG_PLLCFG$OFF 000000  
                              __pnvCOMRAM 0021                             CD4094Driver@i 0009  
                      __CFG_CCP2MX$PORTC1 000000          __end_of_TMR0_SetInterruptHandler 0262  
                              ??_TMR0_ISR 0001                        __CFG_CCP3MX$PORTB5 000000  
                          ??_CD4021Driver 0003                            ??_CD4094Driver 0003  
                                 _OSCCON2 000FD2                                   i2u13_48 01FC  
                                 _OSCTUNE 000F9B                            ??_CD4094WriteL 0003  
                         __CFG_PWRTEN$OFF 000000                                   __Hparam 0000  
                                 __Lparam 0000                                   __pcinit 0210  
                                 __ramtop 0200                                   __ptext0 002C  
                                 __ptext1 022A                                   __ptext2 0190  
                                 __ptext3 0258                                   __ptext4 01C2  
                                 __ptext5 023C                                   __ptext6 026A  
                                 __ptext7 0262                                   __ptext8 00D8  
                                 __ptext9 026E                                 _T0CONbits 000FD5  
                   _OSCILLATOR_Initialize 023C                  ??_PIN_MANAGER_Initialize 0003  
              __size_of_SYSTEM_Initialize 0012                      end_of_initialization 021C  
              main@CD4094DriveTimeCounter 0011                             __Lmediumconst 0000  
                                 postinc0 000FEE                  _TMR0_SetInterruptHandler 0258  
                               _PORTAbits 000F80                       CD4094WriteL@BufferL 0003  
                    __end_of_CD4021Driver 0190                      __end_of_CD4094Driver 0146  
                    __end_of_CD4094WriteL 026A              __end_of_INTERRUPT_Initialize 026E  
                       __size_of_TMR0_ISR 0026                    ?_OSCILLATOR_Initialize 0001  
                     start_initialization 0210                  __size_of_TMR0_Initialize 0032  
         __size_of_PIN_MANAGER_Initialize 0028                               __pbssCOMRAM 001A  
                        CD4094Driver@Data 0007                     _TMR0_InterruptHandler 0021  
                  _PIN_MANAGER_Initialize 01C2                                 __pintcode 0008  
            ??_INTERRUPT_InterruptManager 0001                          __CFG_PRICLKEN$ON 000000  
                              _CD4021Read 026E                     __size_of_CD4021Driver 004A  
                    _INTERRUPT_Initialize 026A                     __size_of_CD4094Driver 006E  
                       ??_TMR0_Initialize 0005                                  _LATAbits 000F89  
                   __size_of_CD4094WriteL 0008       __size_of_INTERRUPT_InterruptManager 0020  
              ??_TMR0_SetInterruptHandler 0005                                  _RCONbits 000FD0  
                        __CFG_WDTPS$32768 000000                                  _TMR0_ISR 01EA  
                            _CD4021Buffer 0020                              _CD4021Driver 0146  
                            _CD4094Buffer 001E                              _CD4094Driver 00D8  
                            _CD4094WriteL 0262                               _INTCON2bits 000FF1  
                   ?_INTERRUPT_Initialize 0001                                  __Hrparam 0000  
                                __Lrparam 0000                        __CFG_BOREN$SBORDIS 000000  
                       __CFG_P2BMX$PORTB5 000000                   ??_OSCILLATOR_Initialize 0003  
                             ?_CD4021Read 0001                                  __ptext10 0146  
                                __ptext12 01EA                                  __ptext13 024A  
                                __ptext14 0000                             __size_of_main 00AC  
    __end_of_TMR0_DefaultInterruptHandler 0258     __size_of_TMR0_DefaultInterruptHandler 000E  
            _TMR0_DefaultInterruptHandler 024A                                  int$flags 0024  
      __end_of_INTERRUPT_InterruptManager 0028                _INTERRUPT_InterruptManager 0008  
                                main@temp 0019                                _INTCONbits 000FF2  
                  ??_INTERRUPT_Initialize 0003                                  intlevel2 0000  
                 ?_PIN_MANAGER_Initialize 0001                       __size_of_CD4021Read 0004  
           ?_TMR0_DefaultInterruptHandler 0001                               _timeCounter 001A  
                         _TMR0_Initialize 0190                         __CFG_T3CMX$PORTC0 000000  
          __end_of_PIN_MANAGER_Initialize 01EA                         __CFG_FOSC$INTIO67 000000  
